c:\users\miko man\desktop\cat-and-mouse-master (2)\cat-and-mouse-master\cat and mouse\intermediate\debug\vc142.pdb
c:\users\miko man\desktop\cat-and-mouse-master (2)\cat-and-mouse-master\cat and mouse\intermediate\debug\vc142.idb
c:\users\miko man\desktop\cat-and-mouse-master (2)\cat-and-mouse-master\cat and mouse\intermediate\debug\ui_scores.obj
c:\users\miko man\desktop\cat-and-mouse-master (2)\cat-and-mouse-master\cat and mouse\intermediate\debug\ui_menu.obj
c:\users\miko man\desktop\cat-and-mouse-master (2)\cat-and-mouse-master\cat and mouse\intermediate\debug\ui_manager.obj
c:\users\miko man\desktop\cat-and-mouse-master (2)\cat-and-mouse-master\cat and mouse\intermediate\debug\ui_mainmenu.obj
c:\users\miko man\desktop\cat-and-mouse-master (2)\cat-and-mouse-master\cat and mouse\intermediate\debug\ui_levels.obj
c:\users\miko man\desktop\cat-and-mouse-master (2)\cat-and-mouse-master\cat and mouse\intermediate\debug\ui_howtoplay.obj
c:\users\miko man\desktop\cat-and-mouse-master (2)\cat-and-mouse-master\cat and mouse\intermediate\debug\sdl_manager.obj
c:\users\miko man\desktop\cat-and-mouse-master (2)\cat-and-mouse-master\cat and mouse\intermediate\debug\main.obj
c:\users\miko man\desktop\cat-and-mouse-master (2)\cat-and-mouse-master\cat and mouse\intermediate\debug\input_manager.obj
c:\users\miko man\desktop\cat-and-mouse-master (2)\cat-and-mouse-master\cat and mouse\intermediate\debug\game_manager.obj
c:\users\miko man\desktop\cat-and-mouse-master (2)\cat-and-mouse-master\bin\debug\cat and mouse.exe
c:\users\miko man\desktop\cat-and-mouse-master (2)\cat-and-mouse-master\bin\debug\cat and mouse.ilk
c:\users\miko man\desktop\cat-and-mouse-master (2)\cat-and-mouse-master\bin\debug\cat and mouse.pdb
c:\users\miko man\desktop\cat-and-mouse-master (2)\cat-and-mouse-master\cat and mouse\intermediate\debug\cat and mouse.tlog\cl.command.1.tlog
c:\users\miko man\desktop\cat-and-mouse-master (2)\cat-and-mouse-master\cat and mouse\intermediate\debug\cat and mouse.tlog\cl.read.1.tlog
c:\users\miko man\desktop\cat-and-mouse-master (2)\cat-and-mouse-master\cat and mouse\intermediate\debug\cat and mouse.tlog\cl.write.1.tlog
c:\users\miko man\desktop\cat-and-mouse-master (2)\cat-and-mouse-master\cat and mouse\intermediate\debug\cat and mouse.tlog\link.command.1.tlog
c:\users\miko man\desktop\cat-and-mouse-master (2)\cat-and-mouse-master\cat and mouse\intermediate\debug\cat and mouse.tlog\link.read.1.tlog
c:\users\miko man\desktop\cat-and-mouse-master (2)\cat-and-mouse-master\cat and mouse\intermediate\debug\cat and mouse.tlog\link.write.1.tlog
